start: s
accept: ac
reject: rj
blank: _

s 0 -> l' 0 ^
s 1 -> l' 1 ^

l' _ -> al' _ >
l' 0 -> l' 0 <
l' 1 -> l' 1 <
l' < -> l' < <
l' 0' -> al' 0' >
l' 1' -> al' 1' >

r' _ -> ar' _ <
r' 0 -> r' 0 >
r' 1 -> r' 1 >
r' < -> r' < >
r' 0' -> ar' 0' <
r' 1' -> ar' 1' <

al' 0 -> r' 0' >
al' 1 -> r' 1' >
al' < -> r'' < >

ar' 0 -> l' 0' <
ar' 1 -> l' 1' <
ar' < -> rj < ^

r'' 0 -> r'' 0 >
r'' 1 -> r'' 1 >
r'' 0' -> ar'' 0' <
r'' 1' -> ar'' 1' <

ar'' 0 -> ac 0 ^
ar'' 1 -> ac 0 ^
ar'' < -> e1 < >

e1 _ -> rm' _ <
e1 0' -> e1 0' >
e1 1' -> e1 1' >

rm' _ -> cmp _ >
rm' < -> rm' < <
rm' 0' -> rm' 0 <
rm' 1' -> rm' 1 <

cmp 0 -> c0 * >
cmp 1 -> c1 * >
cmp < -> rj < ^
cmp * -> cmp * >

c0 0 -> c0 0 >
c0 1 -> c0 1 >
c0 < -> c0< < >

c0< 0 -> l* * <
c0< 1 -> ac 1 ^
c0< * -> c0< * >

c1 0 -> c1 0 >
c1 1 -> c1 1 >
c1 < -> c1< < >

c1< 0 -> rj 0 ^
c1< 1 -> l* * <
c1< * -> c1< * >

l* _ -> cmp _ >
l* 0 -> l* 0 <
l* 1 -> l* 1 <
l* < -> l* < <
l* * -> l* * <
