start: s
accept: ac
reject: rj
blank: _

s 0 -> fn' 0 ^
s 1 -> fn' 1 ^

fn' _ -> a' _ >
fn' 0 -> fn' 0 <
fn' 1 -> fn' 1 <
fn' 0' -> a' 0' >
fn' 1' -> a' 1' >

a' 0 -> ln'' 0' >
a' 1 -> ln'' 1' >
a' 0'' -> gs 0'' <
a' 1'' -> gs 1'' <

ln'' _ -> a'' _ <
ln'' 0 -> ln'' 0 >
ln'' 1 -> ln'' 1 >
ln'' 0'' -> a'' 0'' <
ln'' 1'' -> a'' 1'' <

a'' 0 -> fn' 0'' <
a'' 1 -> fn' 1'' <
a'' 0' -> rj 0' ^
a'' 1' -> rj 1' ^

gs _ -> fn''' _ >
gs 0' -> gs 0' <
gs 1' -> gs 1' <
gs 0'' -> gs 0'' <
gs 1'' -> gs 1'' <

fn''' _ -> a''' _ >
fn''' 0' -> fn''' 0' <
fn''' 1' -> fn''' 1' <
fn''' 0'''' -> fn''' 0'''' <
fn''' 1'''' -> fn''' 1'''' <
fn''' 0''' -> a''' 0''' >
fn''' 1''' -> a''' 1''' >

a''' 0' -> f0'' 0''' >
a''' 1' -> f1'' 1''' >
a''' 0'''' -> ac 0'''' ^
a''' 1'''' -> ac 1'''' ^

f0'' 0' -> f0'' 0' >
f0'' 1' -> f0'' 1' >
f0'' 0'''' -> f0'' 0'''' >
f0'' 1'''' -> f0'' 1'''' >
f0'' 0'' -> fn''' 0'''' <
f0'' 1'' ->  rj 1'' ^

f1'' 0' -> f1'' 0' >
f1'' 1' -> f1'' 1' >
f1'' 0'''' -> f1'' 0'''' >
f1'' 1'''' -> f1'' 1'''' >
f1'' 0'' ->  rj 0'' ^
f1'' 1'' -> fn''' 1'''' <
